[2025-05-12 21:21:51Z INFO HostContext] No proxy settings were found based on environmental variables (http_proxy/https_proxy/HTTP_PROXY/HTTPS_PROXY)
[2025-05-12 21:21:51Z INFO HostContext] Well known directory 'Bin': 'D:\MIS DOCUMENTOS\Desktop\P.A.R.A\1-Projects\IT Project Manager\Github Bootcamp\copilot_agent\actions-runner\bin'
[2025-05-12 21:21:51Z INFO HostContext] Well known directory 'Root': 'D:\MIS DOCUMENTOS\Desktop\P.A.R.A\1-Projects\IT Project Manager\Github Bootcamp\copilot_agent\actions-runner'
[2025-05-12 21:21:51Z INFO HostContext] Well known config file 'Credentials': 'D:\MIS DOCUMENTOS\Desktop\P.A.R.A\1-Projects\IT Project Manager\Github Bootcamp\copilot_agent\actions-runner\.credentials'
[2025-05-12 21:21:51Z INFO HostContext] Well known directory 'Bin': 'D:\MIS DOCUMENTOS\Desktop\P.A.R.A\1-Projects\IT Project Manager\Github Bootcamp\copilot_agent\actions-runner\bin'
[2025-05-12 21:21:51Z INFO HostContext] Well known directory 'Root': 'D:\MIS DOCUMENTOS\Desktop\P.A.R.A\1-Projects\IT Project Manager\Github Bootcamp\copilot_agent\actions-runner'
[2025-05-12 21:21:51Z INFO HostContext] Well known config file 'Runner': 'D:\MIS DOCUMENTOS\Desktop\P.A.R.A\1-Projects\IT Project Manager\Github Bootcamp\copilot_agent\actions-runner\.runner'
[2025-05-12 21:21:51Z INFO Listener] Runner is built for Windows (X64) - win-x64.
[2025-05-12 21:21:51Z INFO Listener] RuntimeInformation: Microsoft Windows 10.0.19041.
[2025-05-12 21:21:51Z INFO Listener] Version: 2.323.0
[2025-05-12 21:21:51Z INFO Listener] Commit: d8b82f44a9ec0258904d5869ae683c31d5aac299
[2025-05-12 21:21:51Z INFO Listener] Culture: es-BO
[2025-05-12 21:21:51Z INFO Listener] UI Culture: es-ES
[2025-05-12 21:21:51Z INFO HostContext] Well known directory 'Bin': 'D:\MIS DOCUMENTOS\Desktop\P.A.R.A\1-Projects\IT Project Manager\Github Bootcamp\copilot_agent\actions-runner\bin'
[2025-05-12 21:21:51Z INFO HostContext] Well known directory 'Root': 'D:\MIS DOCUMENTOS\Desktop\P.A.R.A\1-Projects\IT Project Manager\Github Bootcamp\copilot_agent\actions-runner'
[2025-05-12 21:21:51Z INFO Listener] Validating directory permissions for: 'D:\MIS DOCUMENTOS\Desktop\P.A.R.A\1-Projects\IT Project Manager\Github Bootcamp\copilot_agent\actions-runner'
[2025-05-12 21:21:51Z INFO CommandLineParser] Parse
[2025-05-12 21:21:51Z INFO CommandLineParser] Parsing 2 args
[2025-05-12 21:21:51Z INFO CommandLineParser] parsing argument
[2025-05-12 21:21:51Z INFO CommandLineParser] HasArgs: False
[2025-05-12 21:21:51Z INFO CommandLineParser] Adding Command: run
[2025-05-12 21:21:51Z INFO CommandLineParser] parsing argument
[2025-05-12 21:21:51Z INFO CommandLineParser] HasArgs: False
[2025-05-12 21:21:51Z INFO CommandLineParser] Adding Command: status
[2025-05-12 21:21:51Z INFO Listener] Arguments parsed
[2025-05-12 21:21:51Z INFO CommandSettings] Command 'configure': 'False'
[2025-05-12 21:21:51Z INFO CommandSettings] Command 'remove': 'False'
[2025-05-12 21:21:51Z INFO CommandSettings] Command 'run': 'True'
[2025-05-12 21:21:51Z ERR  Terminal] WRITE ERROR: Unrecognized command-line input arguments for command run: 'status'. For usage refer to: .\config.cmd --help or ./config.sh --help
[2025-05-12 21:21:51Z INFO Runner] ExecuteCommand
[2025-05-12 21:21:51Z INFO ConfigurationStore] currentAssemblyLocation: D:\MIS DOCUMENTOS\Desktop\P.A.R.A\1-Projects\IT Project Manager\Github Bootcamp\copilot_agent\actions-runner\bin\Runner.Listener.dll
[2025-05-12 21:21:51Z INFO HostContext] Well known directory 'Bin': 'D:\MIS DOCUMENTOS\Desktop\P.A.R.A\1-Projects\IT Project Manager\Github Bootcamp\copilot_agent\actions-runner\bin'
[2025-05-12 21:21:51Z INFO ConfigurationStore] binPath: D:\MIS DOCUMENTOS\Desktop\P.A.R.A\1-Projects\IT Project Manager\Github Bootcamp\copilot_agent\actions-runner\bin
[2025-05-12 21:21:51Z INFO HostContext] Well known directory 'Bin': 'D:\MIS DOCUMENTOS\Desktop\P.A.R.A\1-Projects\IT Project Manager\Github Bootcamp\copilot_agent\actions-runner\bin'
[2025-05-12 21:21:51Z INFO HostContext] Well known directory 'Root': 'D:\MIS DOCUMENTOS\Desktop\P.A.R.A\1-Projects\IT Project Manager\Github Bootcamp\copilot_agent\actions-runner'
[2025-05-12 21:21:51Z INFO ConfigurationStore] RootFolder: D:\MIS DOCUMENTOS\Desktop\P.A.R.A\1-Projects\IT Project Manager\Github Bootcamp\copilot_agent\actions-runner
[2025-05-12 21:21:51Z INFO HostContext] Well known directory 'Bin': 'D:\MIS DOCUMENTOS\Desktop\P.A.R.A\1-Projects\IT Project Manager\Github Bootcamp\copilot_agent\actions-runner\bin'
[2025-05-12 21:21:51Z INFO HostContext] Well known directory 'Root': 'D:\MIS DOCUMENTOS\Desktop\P.A.R.A\1-Projects\IT Project Manager\Github Bootcamp\copilot_agent\actions-runner'
[2025-05-12 21:21:51Z INFO HostContext] Well known config file 'Runner': 'D:\MIS DOCUMENTOS\Desktop\P.A.R.A\1-Projects\IT Project Manager\Github Bootcamp\copilot_agent\actions-runner\.runner'
[2025-05-12 21:21:51Z INFO ConfigurationStore] ConfigFilePath: D:\MIS DOCUMENTOS\Desktop\P.A.R.A\1-Projects\IT Project Manager\Github Bootcamp\copilot_agent\actions-runner\.runner
[2025-05-12 21:21:51Z INFO HostContext] Well known directory 'Bin': 'D:\MIS DOCUMENTOS\Desktop\P.A.R.A\1-Projects\IT Project Manager\Github Bootcamp\copilot_agent\actions-runner\bin'
[2025-05-12 21:21:51Z INFO HostContext] Well known directory 'Root': 'D:\MIS DOCUMENTOS\Desktop\P.A.R.A\1-Projects\IT Project Manager\Github Bootcamp\copilot_agent\actions-runner'
[2025-05-12 21:21:51Z INFO HostContext] Well known config file 'MigratedRunner': 'D:\MIS DOCUMENTOS\Desktop\P.A.R.A\1-Projects\IT Project Manager\Github Bootcamp\copilot_agent\actions-runner\.runner_migrated'
[2025-05-12 21:21:51Z INFO ConfigurationStore] MigratedConfigFilePath: D:\MIS DOCUMENTOS\Desktop\P.A.R.A\1-Projects\IT Project Manager\Github Bootcamp\copilot_agent\actions-runner\.runner_migrated
[2025-05-12 21:21:51Z INFO HostContext] Well known directory 'Bin': 'D:\MIS DOCUMENTOS\Desktop\P.A.R.A\1-Projects\IT Project Manager\Github Bootcamp\copilot_agent\actions-runner\bin'
[2025-05-12 21:21:51Z INFO HostContext] Well known directory 'Root': 'D:\MIS DOCUMENTOS\Desktop\P.A.R.A\1-Projects\IT Project Manager\Github Bootcamp\copilot_agent\actions-runner'
[2025-05-12 21:21:51Z INFO HostContext] Well known config file 'Credentials': 'D:\MIS DOCUMENTOS\Desktop\P.A.R.A\1-Projects\IT Project Manager\Github Bootcamp\copilot_agent\actions-runner\.credentials'
[2025-05-12 21:21:51Z INFO ConfigurationStore] CredFilePath: D:\MIS DOCUMENTOS\Desktop\P.A.R.A\1-Projects\IT Project Manager\Github Bootcamp\copilot_agent\actions-runner\.credentials
[2025-05-12 21:21:51Z INFO HostContext] Well known directory 'Bin': 'D:\MIS DOCUMENTOS\Desktop\P.A.R.A\1-Projects\IT Project Manager\Github Bootcamp\copilot_agent\actions-runner\bin'
[2025-05-12 21:21:51Z INFO HostContext] Well known directory 'Root': 'D:\MIS DOCUMENTOS\Desktop\P.A.R.A\1-Projects\IT Project Manager\Github Bootcamp\copilot_agent\actions-runner'
[2025-05-12 21:21:51Z INFO HostContext] Well known config file 'MigratedCredentials': 'D:\MIS DOCUMENTOS\Desktop\P.A.R.A\1-Projects\IT Project Manager\Github Bootcamp\copilot_agent\actions-runner\.credentials_migrated'
[2025-05-12 21:21:51Z INFO ConfigurationStore] MigratedCredFilePath: D:\MIS DOCUMENTOS\Desktop\P.A.R.A\1-Projects\IT Project Manager\Github Bootcamp\copilot_agent\actions-runner\.credentials_migrated
[2025-05-12 21:21:51Z INFO HostContext] Well known directory 'Bin': 'D:\MIS DOCUMENTOS\Desktop\P.A.R.A\1-Projects\IT Project Manager\Github Bootcamp\copilot_agent\actions-runner\bin'
[2025-05-12 21:21:51Z INFO HostContext] Well known directory 'Root': 'D:\MIS DOCUMENTOS\Desktop\P.A.R.A\1-Projects\IT Project Manager\Github Bootcamp\copilot_agent\actions-runner'
[2025-05-12 21:21:51Z INFO HostContext] Well known config file 'Service': 'D:\MIS DOCUMENTOS\Desktop\P.A.R.A\1-Projects\IT Project Manager\Github Bootcamp\copilot_agent\actions-runner\.service'
[2025-05-12 21:21:51Z INFO ConfigurationStore] ServiceConfigFilePath: D:\MIS DOCUMENTOS\Desktop\P.A.R.A\1-Projects\IT Project Manager\Github Bootcamp\copilot_agent\actions-runner\.service
[2025-05-12 21:21:51Z INFO CommandSettings] Flag 'help': 'False'
[2025-05-12 21:21:51Z INFO CommandSettings] Flag 'version': 'False'
[2025-05-12 21:21:51Z INFO CommandSettings] Flag 'commit': 'False'
[2025-05-12 21:21:51Z INFO CommandSettings] Flag 'check': 'False'
[2025-05-12 21:21:51Z INFO CommandSettings] Command 'configure': 'False'
[2025-05-12 21:21:51Z INFO CommandSettings] Command 'remove': 'False'
[2025-05-12 21:21:51Z INFO CommandSettings] Command 'warmup': 'False'
[2025-05-12 21:21:51Z INFO ConfigurationManager] LoadSettings
[2025-05-12 21:21:51Z INFO ConfigurationStore] IsConfigured()
[2025-05-12 21:21:51Z INFO ConfigurationStore] IsConfigured: True
[2025-05-12 21:21:51Z INFO ConfigurationManager] Is configured: True
[2025-05-12 21:21:51Z INFO ConfigurationStore] Read setting file: 320 chars
[2025-05-12 21:21:51Z INFO ConfigurationManager] Settings Loaded
[2025-05-12 21:21:51Z INFO ConfigurationStore] IsServiceConfigured()
[2025-05-12 21:21:51Z INFO ConfigurationStore] IsServiceConfigured: False
[2025-05-12 21:21:51Z INFO CommandSettings] Command 'run': 'True'
[2025-05-12 21:21:51Z INFO ConfigurationStore] IsConfigured()
[2025-05-12 21:21:51Z INFO ConfigurationStore] IsConfigured: True
[2025-05-12 21:21:51Z INFO ConfigurationManager] Is configured: True
[2025-05-12 21:21:51Z INFO Runner] Could not parse the argument value '' for StartupType. Defaulting to Manual
[2025-05-12 21:21:51Z INFO Runner] Set runner startup type - Manual
[2025-05-12 21:21:51Z INFO CommandSettings] Flag 'once': 'False'
[2025-05-12 21:21:51Z INFO CommandSettings] Flag 'once': 'False'
[2025-05-12 21:21:51Z INFO Runner] RunAsync
[2025-05-12 21:21:51Z INFO ConfigurationManager] LoadSettings
[2025-05-12 21:21:51Z INFO ConfigurationStore] IsConfigured()
[2025-05-12 21:21:51Z INFO ConfigurationStore] IsConfigured: True
[2025-05-12 21:21:51Z INFO ConfigurationManager] Is configured: True
[2025-05-12 21:21:51Z INFO ConfigurationManager] Settings Loaded
[2025-05-12 21:21:51Z INFO MessageListener] {
  "AgentId": 21,
  "AgentName": "practica1",
  "PoolId": 1,
  "PoolName": "Default",
  "ServerUrl": "https://pipelinesghubeus10.actions.githubusercontent.com/OZsDFf9ofaRzL0PF71Zp93NkPqUTrNkq3cI8xFWpBrhZSq3Mwn/",
  "GitHubUrl": "https://github.com/RodriBC/practica-github-actions",
  "WorkFolder": "workspace"
}
[2025-05-12 21:21:51Z INFO MessageListener] Loading Credentials
[2025-05-12 21:21:51Z INFO ConfigurationStore] HasCredentials()
[2025-05-12 21:21:51Z INFO ConfigurationStore] stored True
[2025-05-12 21:21:51Z INFO CredentialManager] GetCredentialProvider
[2025-05-12 21:21:51Z INFO CredentialManager] Creating type OAuth
[2025-05-12 21:21:51Z INFO CredentialManager] Creating credential type: OAuth
[2025-05-12 21:21:51Z INFO HostContext] Well known directory 'Bin': 'D:\MIS DOCUMENTOS\Desktop\P.A.R.A\1-Projects\IT Project Manager\Github Bootcamp\copilot_agent\actions-runner\bin'
[2025-05-12 21:21:51Z INFO HostContext] Well known directory 'Root': 'D:\MIS DOCUMENTOS\Desktop\P.A.R.A\1-Projects\IT Project Manager\Github Bootcamp\copilot_agent\actions-runner'
[2025-05-12 21:21:51Z INFO HostContext] Well known config file 'RSACredentials': 'D:\MIS DOCUMENTOS\Desktop\P.A.R.A\1-Projects\IT Project Manager\Github Bootcamp\copilot_agent\actions-runner\.credentials_rsaparams'
[2025-05-12 21:21:51Z INFO RSAEncryptedFileKeyManager] Loading RSA key parameters from file D:\MIS DOCUMENTOS\Desktop\P.A.R.A\1-Projects\IT Project Manager\Github Bootcamp\copilot_agent\actions-runner\.credentials_rsaparams
[2025-05-12 21:21:51Z INFO MessageListener] Attempt to create session.
[2025-05-12 21:21:51Z INFO MessageListener] Connecting to the Runner Server...
[2025-05-12 21:21:51Z INFO RunnerServer] EstablishVssConnection
[2025-05-12 21:21:51Z INFO RunnerServer] Establish connection with 100 seconds timeout.
[2025-05-12 21:21:51Z INFO GitHubActionsService] Starting operation Location.GetConnectionData
[2025-05-12 21:21:51Z INFO RunnerServer] EstablishVssConnection
[2025-05-12 21:21:51Z INFO RunnerServer] Establish connection with 60 seconds timeout.
[2025-05-12 21:21:51Z INFO GitHubActionsService] Starting operation Location.GetConnectionData
[2025-05-12 21:21:51Z INFO RunnerServer] EstablishVssConnection
[2025-05-12 21:21:51Z INFO RunnerServer] Establish connection with 60 seconds timeout.
[2025-05-12 21:21:51Z INFO GitHubActionsService] Starting operation Location.GetConnectionData
[2025-05-12 21:21:52Z INFO GitHubActionsService] Finished operation Location.GetConnectionData
[2025-05-12 21:21:52Z INFO GitHubActionsService] Finished operation Location.GetConnectionData
[2025-05-12 21:21:52Z INFO GitHubActionsService] Finished operation Location.GetConnectionData
[2025-05-12 21:21:52Z INFO MessageListener] VssConnection created
[2025-05-12 21:21:52Z INFO Terminal] WRITE LINE: 
[2025-05-12 21:21:52Z INFO Terminal] WRITE LINE: 
[2025-05-12 21:21:52Z INFO RSAEncryptedFileKeyManager] Loading RSA key parameters from file D:\MIS DOCUMENTOS\Desktop\P.A.R.A\1-Projects\IT Project Manager\Github Bootcamp\copilot_agent\actions-runner\.credentials_rsaparams
[2025-05-12 21:21:52Z INFO RSAEncryptedFileKeyManager] Loading RSA key parameters from file D:\MIS DOCUMENTOS\Desktop\P.A.R.A\1-Projects\IT Project Manager\Github Bootcamp\copilot_agent\actions-runner\.credentials_rsaparams
[2025-05-12 21:21:53Z INFO GitHubActionsService] AAD Correlation ID for this token request: Unknown
[2025-05-12 21:21:53Z ERR  GitHubActionsService] POST request to https://pipelinesghubeus10.actions.githubusercontent.com/OZsDFf9ofaRzL0PF71Zp93NkPqUTrNkq3cI8xFWpBrhZSq3Mwn/_apis/distributedtask/pools/1/sessions failed. HTTP Status: Conflict
[2025-05-12 21:21:53Z ERR  MessageListener] Catch exception during create session.
[2025-05-12 21:21:53Z ERR  MessageListener] GitHub.DistributedTask.WebApi.TaskAgentSessionConflictException: The actions runner practica1 already has an active session.
   at GitHub.Services.WebApi.VssHttpClientBase.HandleResponseAsync(HttpResponseMessage response, CancellationToken cancellationToken)
   at GitHub.Services.WebApi.VssHttpClientBase.SendAsync(HttpRequestMessage message, HttpCompletionOption completionOption, Object userState, CancellationToken cancellationToken)
   at GitHub.Services.WebApi.VssHttpClientBase.SendAsync[T](HttpRequestMessage message, Object userState, CancellationToken cancellationToken)
   at GitHub.Services.WebApi.VssHttpClientBase.SendAsync[T](HttpMethod method, IEnumerable`1 additionalHeaders, Guid locationId, Object routeValues, ApiResourceVersion version, HttpContent content, IEnumerable`1 queryParameters, Object userState, CancellationToken cancellationToken)
   at GitHub.Runner.Listener.MessageListener.CreateSessionAsync(CancellationToken token)
[2025-05-12 21:21:53Z INFO MessageListener] The session for this runner already exists.
[2025-05-12 21:21:53Z ERR  Terminal] WRITE ERROR: A session for this runner already exists.
[2025-05-12 21:21:53Z INFO MessageListener] The session conflict exception haven't reached retry limit.
[2025-05-12 21:21:53Z ERR  Terminal] WRITE ERROR: 2025-05-12 21:21:53Z: Runner connect error: The actions runner practica1 already has an active session.. Retrying until reconnected.
[2025-05-12 21:21:53Z INFO MessageListener] Sleeping for 30 seconds before retrying.
[2025-05-12 21:22:23Z INFO MessageListener] Attempt to create session.
[2025-05-12 21:22:23Z INFO MessageListener] Connecting to the Runner Server...
[2025-05-12 21:22:23Z INFO RunnerServer] EstablishVssConnection
[2025-05-12 21:22:23Z INFO RunnerServer] Establish connection with 100 seconds timeout.
[2025-05-12 21:22:23Z INFO GitHubActionsService] Starting operation Location.GetConnectionData
[2025-05-12 21:22:23Z INFO RunnerServer] EstablishVssConnection
[2025-05-12 21:22:23Z INFO RunnerServer] Establish connection with 60 seconds timeout.
[2025-05-12 21:22:23Z INFO GitHubActionsService] Starting operation Location.GetConnectionData
[2025-05-12 21:22:23Z INFO RunnerServer] EstablishVssConnection
[2025-05-12 21:22:23Z INFO RunnerServer] Establish connection with 60 seconds timeout.
[2025-05-12 21:22:23Z INFO GitHubActionsService] Starting operation Location.GetConnectionData
[2025-05-12 21:22:24Z INFO GitHubActionsService] Finished operation Location.GetConnectionData
[2025-05-12 21:22:24Z INFO GitHubActionsService] Finished operation Location.GetConnectionData
[2025-05-12 21:22:24Z INFO GitHubActionsService] Finished operation Location.GetConnectionData
[2025-05-12 21:22:24Z INFO MessageListener] VssConnection created
[2025-05-12 21:22:24Z INFO Terminal] WRITE LINE: 
[2025-05-12 21:22:24Z INFO Terminal] WRITE LINE: 
[2025-05-12 21:22:24Z ERR  GitHubActionsService] POST request to https://pipelinesghubeus10.actions.githubusercontent.com/OZsDFf9ofaRzL0PF71Zp93NkPqUTrNkq3cI8xFWpBrhZSq3Mwn/_apis/distributedtask/pools/1/sessions failed. HTTP Status: Conflict
[2025-05-12 21:22:24Z ERR  MessageListener] Catch exception during create session.
[2025-05-12 21:22:24Z ERR  MessageListener] GitHub.DistributedTask.WebApi.TaskAgentSessionConflictException: The actions runner practica1 already has an active session.
   at GitHub.Services.WebApi.VssHttpClientBase.HandleResponseAsync(HttpResponseMessage response, CancellationToken cancellationToken)
   at GitHub.Services.WebApi.VssHttpClientBase.SendAsync(HttpRequestMessage message, HttpCompletionOption completionOption, Object userState, CancellationToken cancellationToken)
   at GitHub.Services.WebApi.VssHttpClientBase.SendAsync[T](HttpRequestMessage message, Object userState, CancellationToken cancellationToken)
   at GitHub.Services.WebApi.VssHttpClientBase.SendAsync[T](HttpMethod method, IEnumerable`1 additionalHeaders, Guid locationId, Object routeValues, ApiResourceVersion version, HttpContent content, IEnumerable`1 queryParameters, Object userState, CancellationToken cancellationToken)
   at GitHub.Runner.Listener.MessageListener.CreateSessionAsync(CancellationToken token)
[2025-05-12 21:22:24Z INFO MessageListener] The session for this runner already exists.
[2025-05-12 21:22:24Z ERR  Terminal] WRITE ERROR: A session for this runner already exists.
[2025-05-12 21:22:24Z INFO MessageListener] The session conflict exception haven't reached retry limit.
[2025-05-12 21:22:24Z INFO MessageListener] Sleeping for 30 seconds before retrying.
[2025-05-12 21:22:54Z INFO MessageListener] Attempt to create session.
[2025-05-12 21:22:54Z INFO MessageListener] Connecting to the Runner Server...
[2025-05-12 21:22:54Z INFO RunnerServer] EstablishVssConnection
[2025-05-12 21:22:54Z INFO RunnerServer] Establish connection with 100 seconds timeout.
[2025-05-12 21:22:54Z INFO GitHubActionsService] Starting operation Location.GetConnectionData
[2025-05-12 21:22:54Z INFO RunnerServer] EstablishVssConnection
[2025-05-12 21:22:54Z INFO RunnerServer] Establish connection with 60 seconds timeout.
[2025-05-12 21:22:54Z INFO GitHubActionsService] Starting operation Location.GetConnectionData
[2025-05-12 21:22:54Z INFO RunnerServer] EstablishVssConnection
[2025-05-12 21:22:54Z INFO RunnerServer] Establish connection with 60 seconds timeout.
[2025-05-12 21:22:54Z INFO GitHubActionsService] Starting operation Location.GetConnectionData
[2025-05-12 21:22:55Z INFO GitHubActionsService] Finished operation Location.GetConnectionData
[2025-05-12 21:22:55Z INFO GitHubActionsService] Finished operation Location.GetConnectionData
[2025-05-12 21:22:55Z INFO GitHubActionsService] Finished operation Location.GetConnectionData
[2025-05-12 21:22:55Z INFO MessageListener] VssConnection created
[2025-05-12 21:22:55Z INFO Terminal] WRITE LINE: 
[2025-05-12 21:22:55Z INFO Terminal] WRITE LINE: 
[2025-05-12 21:22:55Z ERR  GitHubActionsService] POST request to https://pipelinesghubeus10.actions.githubusercontent.com/OZsDFf9ofaRzL0PF71Zp93NkPqUTrNkq3cI8xFWpBrhZSq3Mwn/_apis/distributedtask/pools/1/sessions failed. HTTP Status: Conflict
[2025-05-12 21:22:55Z ERR  MessageListener] Catch exception during create session.
[2025-05-12 21:22:55Z ERR  MessageListener] GitHub.DistributedTask.WebApi.TaskAgentSessionConflictException: The actions runner practica1 already has an active session.
   at GitHub.Services.WebApi.VssHttpClientBase.HandleResponseAsync(HttpResponseMessage response, CancellationToken cancellationToken)
   at GitHub.Services.WebApi.VssHttpClientBase.SendAsync(HttpRequestMessage message, HttpCompletionOption completionOption, Object userState, CancellationToken cancellationToken)
   at GitHub.Services.WebApi.VssHttpClientBase.SendAsync[T](HttpRequestMessage message, Object userState, CancellationToken cancellationToken)
   at GitHub.Services.WebApi.VssHttpClientBase.SendAsync[T](HttpMethod method, IEnumerable`1 additionalHeaders, Guid locationId, Object routeValues, ApiResourceVersion version, HttpContent content, IEnumerable`1 queryParameters, Object userState, CancellationToken cancellationToken)
   at GitHub.Runner.Listener.MessageListener.CreateSessionAsync(CancellationToken token)
[2025-05-12 21:22:55Z INFO MessageListener] The session for this runner already exists.
[2025-05-12 21:22:55Z ERR  Terminal] WRITE ERROR: A session for this runner already exists.
[2025-05-12 21:22:55Z INFO MessageListener] The session conflict exception haven't reached retry limit.
[2025-05-12 21:22:55Z INFO MessageListener] Sleeping for 30 seconds before retrying.
[2025-05-12 21:23:25Z INFO MessageListener] Attempt to create session.
[2025-05-12 21:23:25Z INFO MessageListener] Connecting to the Runner Server...
[2025-05-12 21:23:25Z INFO RunnerServer] EstablishVssConnection
[2025-05-12 21:23:25Z INFO RunnerServer] Establish connection with 100 seconds timeout.
[2025-05-12 21:23:25Z INFO GitHubActionsService] Starting operation Location.GetConnectionData
[2025-05-12 21:23:25Z INFO RunnerServer] EstablishVssConnection
[2025-05-12 21:23:25Z INFO RunnerServer] Establish connection with 60 seconds timeout.
[2025-05-12 21:23:25Z INFO GitHubActionsService] Starting operation Location.GetConnectionData
[2025-05-12 21:23:25Z INFO RunnerServer] EstablishVssConnection
[2025-05-12 21:23:25Z INFO RunnerServer] Establish connection with 60 seconds timeout.
[2025-05-12 21:23:25Z INFO GitHubActionsService] Starting operation Location.GetConnectionData
[2025-05-12 21:23:26Z INFO GitHubActionsService] Finished operation Location.GetConnectionData
[2025-05-12 21:23:26Z INFO GitHubActionsService] Finished operation Location.GetConnectionData
[2025-05-12 21:23:26Z INFO GitHubActionsService] Finished operation Location.GetConnectionData
[2025-05-12 21:23:26Z INFO MessageListener] VssConnection created
[2025-05-12 21:23:26Z INFO Terminal] WRITE LINE: 
[2025-05-12 21:23:26Z INFO Terminal] WRITE LINE: 
[2025-05-12 21:23:26Z ERR  GitHubActionsService] POST request to https://pipelinesghubeus10.actions.githubusercontent.com/OZsDFf9ofaRzL0PF71Zp93NkPqUTrNkq3cI8xFWpBrhZSq3Mwn/_apis/distributedtask/pools/1/sessions failed. HTTP Status: Conflict
[2025-05-12 21:23:26Z ERR  MessageListener] Catch exception during create session.
[2025-05-12 21:23:26Z ERR  MessageListener] GitHub.DistributedTask.WebApi.TaskAgentSessionConflictException: The actions runner practica1 already has an active session.
   at GitHub.Services.WebApi.VssHttpClientBase.HandleResponseAsync(HttpResponseMessage response, CancellationToken cancellationToken)
   at GitHub.Services.WebApi.VssHttpClientBase.SendAsync(HttpRequestMessage message, HttpCompletionOption completionOption, Object userState, CancellationToken cancellationToken)
   at GitHub.Services.WebApi.VssHttpClientBase.SendAsync[T](HttpRequestMessage message, Object userState, CancellationToken cancellationToken)
   at GitHub.Services.WebApi.VssHttpClientBase.SendAsync[T](HttpMethod method, IEnumerable`1 additionalHeaders, Guid locationId, Object routeValues, ApiResourceVersion version, HttpContent content, IEnumerable`1 queryParameters, Object userState, CancellationToken cancellationToken)
   at GitHub.Runner.Listener.MessageListener.CreateSessionAsync(CancellationToken token)
[2025-05-12 21:23:26Z INFO MessageListener] The session for this runner already exists.
[2025-05-12 21:23:26Z ERR  Terminal] WRITE ERROR: A session for this runner already exists.
[2025-05-12 21:23:26Z INFO MessageListener] The session conflict exception haven't reached retry limit.
[2025-05-12 21:23:26Z INFO MessageListener] Sleeping for 30 seconds before retrying.
[2025-05-12 21:23:56Z INFO MessageListener] Attempt to create session.
[2025-05-12 21:23:56Z INFO MessageListener] Connecting to the Runner Server...
[2025-05-12 21:23:56Z INFO RunnerServer] EstablishVssConnection
[2025-05-12 21:23:56Z INFO RunnerServer] Establish connection with 100 seconds timeout.
[2025-05-12 21:23:56Z INFO GitHubActionsService] Starting operation Location.GetConnectionData
[2025-05-12 21:23:56Z INFO RunnerServer] EstablishVssConnection
[2025-05-12 21:23:56Z INFO RunnerServer] Establish connection with 60 seconds timeout.
[2025-05-12 21:23:56Z INFO GitHubActionsService] Starting operation Location.GetConnectionData
[2025-05-12 21:23:56Z INFO RunnerServer] EstablishVssConnection
[2025-05-12 21:23:56Z INFO RunnerServer] Establish connection with 60 seconds timeout.
[2025-05-12 21:23:56Z INFO GitHubActionsService] Starting operation Location.GetConnectionData
[2025-05-12 21:23:56Z INFO GitHubActionsService] Finished operation Location.GetConnectionData
[2025-05-12 21:23:56Z INFO GitHubActionsService] Finished operation Location.GetConnectionData
[2025-05-12 21:23:56Z INFO GitHubActionsService] Finished operation Location.GetConnectionData
[2025-05-12 21:23:56Z INFO MessageListener] VssConnection created
[2025-05-12 21:23:56Z INFO Terminal] WRITE LINE: 
[2025-05-12 21:23:56Z INFO Terminal] WRITE LINE: 
[2025-05-12 21:23:57Z ERR  GitHubActionsService] POST request to https://pipelinesghubeus10.actions.githubusercontent.com/OZsDFf9ofaRzL0PF71Zp93NkPqUTrNkq3cI8xFWpBrhZSq3Mwn/_apis/distributedtask/pools/1/sessions failed. HTTP Status: Conflict
[2025-05-12 21:23:57Z ERR  MessageListener] Catch exception during create session.
[2025-05-12 21:23:57Z ERR  MessageListener] GitHub.DistributedTask.WebApi.TaskAgentSessionConflictException: The actions runner practica1 already has an active session.
   at GitHub.Services.WebApi.VssHttpClientBase.HandleResponseAsync(HttpResponseMessage response, CancellationToken cancellationToken)
   at GitHub.Services.WebApi.VssHttpClientBase.SendAsync(HttpRequestMessage message, HttpCompletionOption completionOption, Object userState, CancellationToken cancellationToken)
   at GitHub.Services.WebApi.VssHttpClientBase.SendAsync[T](HttpRequestMessage message, Object userState, CancellationToken cancellationToken)
   at GitHub.Services.WebApi.VssHttpClientBase.SendAsync[T](HttpMethod method, IEnumerable`1 additionalHeaders, Guid locationId, Object routeValues, ApiResourceVersion version, HttpContent content, IEnumerable`1 queryParameters, Object userState, CancellationToken cancellationToken)
   at GitHub.Runner.Listener.MessageListener.CreateSessionAsync(CancellationToken token)
[2025-05-12 21:23:57Z INFO MessageListener] The session for this runner already exists.
[2025-05-12 21:23:57Z ERR  Terminal] WRITE ERROR: A session for this runner already exists.
[2025-05-12 21:23:57Z INFO MessageListener] The session conflict exception haven't reached retry limit.
[2025-05-12 21:23:57Z INFO MessageListener] Sleeping for 30 seconds before retrying.
[2025-05-12 21:24:20Z INFO HostContext] Runner will be shutdown for UserCancelled
